Using pre-set license
Built from '2022.3/staging' branch; Version is '2022.3.43f1 (85497d293fa1) revision 8735101'; Using compiler version '192829333'; Build Type 'Release'
OS: 'Windows 11  (10.0.22631) 64bit Professional' Language: 'pt' Physical Memory: 32610 MB
BatchMode: 1, IsHumanControllingUs: 0, StartBugReporterOnCrash: 0, Is64bit: 1, IsPro: 1

COMMAND LINE ARGUMENTS:
E:\CriacaoJogoDeJogar\2022.3.43f1\Editor\Unity.exe
-adb2
-batchMode
-noUpm
-name
AssetImportWorker1
-projectPath
E:/faculdade/CC_PUC/TI4/Atividades/Exercicio1/ExercicioSalgado
-logFile
Logs/AssetImportWorker1.log
-srvPort
55691
Successfully changed project path to: E:/faculdade/CC_PUC/TI4/Atividades/Exercicio1/ExercicioSalgado
E:/faculdade/CC_PUC/TI4/Atividades/Exercicio1/ExercicioSalgado
[UnityMemory] Configuration Parameters - Can be set up in boot.config
    "memorysetup-bucket-allocator-granularity=16"
    "memorysetup-bucket-allocator-bucket-count=8"
    "memorysetup-bucket-allocator-block-size=33554432"
    "memorysetup-bucket-allocator-block-count=8"
    "memorysetup-main-allocator-block-size=16777216"
    "memorysetup-thread-allocator-block-size=16777216"
    "memorysetup-gfx-main-allocator-block-size=16777216"
    "memorysetup-gfx-thread-allocator-block-size=16777216"
    "memorysetup-cache-allocator-block-size=4194304"
    "memorysetup-typetree-allocator-block-size=2097152"
    "memorysetup-profiler-bucket-allocator-granularity=16"
    "memorysetup-profiler-bucket-allocator-bucket-count=8"
    "memorysetup-profiler-bucket-allocator-block-size=33554432"
    "memorysetup-profiler-bucket-allocator-block-count=8"
    "memorysetup-profiler-allocator-block-size=16777216"
    "memorysetup-profiler-editor-allocator-block-size=1048576"
    "memorysetup-temp-allocator-size-main=16777216"
    "memorysetup-job-temp-allocator-block-size=2097152"
    "memorysetup-job-temp-allocator-block-size-background=1048576"
    "memorysetup-job-temp-allocator-reduction-small-platforms=262144"
    "memorysetup-allocator-temp-initial-block-size-main=262144"
    "memorysetup-allocator-temp-initial-block-size-worker=262144"
    "memorysetup-temp-allocator-size-background-worker=32768"
    "memorysetup-temp-allocator-size-job-worker=262144"
    "memorysetup-temp-allocator-size-preload-manager=33554432"
    "memorysetup-temp-allocator-size-nav-mesh-worker=65536"
    "memorysetup-temp-allocator-size-audio-worker=65536"
    "memorysetup-temp-allocator-size-cloud-worker=32768"
    "memorysetup-temp-allocator-size-gi-baking-worker=262144"
    "memorysetup-temp-allocator-size-gfx=262144"
Player connection [15248]  Target information:

Player connection [15248]  * "[IP] 26.179.113.237 [Port] 0 [Flags] 2 [Guid] 4055832645 [EditorId] 4055832645 [Version] 1048832 [Id] WindowsEditor(7,CaioPCS) [Debug] 1 [PackageName] WindowsEditor [ProjectName] Editor" 

Player connection [15248]  * "[IP] 192.168.0.42 [Port] 0 [Flags] 2 [Guid] 4055832645 [EditorId] 4055832645 [Version] 1048832 [Id] WindowsEditor(7,CaioPCS) [Debug] 1 [PackageName] WindowsEditor [ProjectName] Editor" 

Player connection [15248] Host joined multi-casting on [225.0.0.222:54997]...
Player connection [15248] Host joined alternative multi-casting on [225.0.0.222:34997]...
[PhysX] Initialized MultithreadedTaskDispatcher with 12 workers.
Refreshing native plugins compatible for Editor in 5.22 ms, found 3 plugins.
Preloading 0 native plugins for Editor in 0.00 ms.
Initialize engine version: 2022.3.43f1 (85497d293fa1)
[Subsystems] Discovering subsystems at path E:/CriacaoJogoDeJogar/2022.3.43f1/Editor/Data/Resources/UnitySubsystems
[Subsystems] Discovering subsystems at path E:/faculdade/CC_PUC/TI4/Atividades/Exercicio1/ExercicioSalgado/Assets
GfxDevice: creating device client; threaded=0; jobified=0
Direct3D:
    Version:  Direct3D 11.0 [level 11.1]
    Renderer: NVIDIA GeForce RTX 4060 Ti (ID=0x2803)
    Vendor:   NVIDIA
    VRAM:     7949 MB
    Driver:   32.0.15.6094
Initialize mono
Mono path[0] = 'E:/CriacaoJogoDeJogar/2022.3.43f1/Editor/Data/Managed'
Mono path[1] = 'E:/CriacaoJogoDeJogar/2022.3.43f1/Editor/Data/MonoBleedingEdge/lib/mono/unityjit-win32'
Mono config path = 'E:/CriacaoJogoDeJogar/2022.3.43f1/Editor/Data/MonoBleedingEdge/etc'
Using monoOptions --debugger-agent=transport=dt_socket,embedding=1,server=y,suspend=n,address=127.0.0.1:56344
Begin MonoManager ReloadAssembly
Registering precompiled unity dll's ...
Register platform support module: E:/CriacaoJogoDeJogar/2022.3.43f1/Editor/Data/PlaybackEngines/WebGLSupport/UnityEditor.WebGL.Extensions.dll
Register platform support module: E:/CriacaoJogoDeJogar/2022.3.43f1/Editor/Data/PlaybackEngines/WindowsStandaloneSupport/UnityEditor.WindowsStandalone.Extensions.dll
Registered in 0.002994 seconds.
- Loaded All Assemblies, in  0.255 seconds
Native extension for WindowsStandalone target not found
Native extension for WebGL target not found
Mono: successfully reloaded assembly
- Finished resetting the current domain, in  0.184 seconds
Domain Reload Profiling: 439ms
	BeginReloadAssembly (90ms)
		ExecutionOrderSort (0ms)
		DisableScriptedObjects (0ms)
		BackupInstance (0ms)
		ReleaseScriptingObjects (0ms)
		CreateAndSetChildDomain (1ms)
	RebuildCommonClasses (24ms)
	RebuildNativeTypeToScriptingClass (8ms)
	initialDomainReloadingComplete (35ms)
	LoadAllAssembliesAndSetupDomain (99ms)
		LoadAssemblies (90ms)
		RebuildTransferFunctionScriptingTraits (0ms)
		AnalyzeDomain (97ms)
			TypeCache.Refresh (96ms)
				TypeCache.ScanAssembly (87ms)
			ScanForSourceGeneratedMonoScriptInfo (0ms)
			ResolveRequiredComponents (0ms)
	FinalizeReload (184ms)
		ReleaseScriptCaches (0ms)
		RebuildScriptCaches (0ms)
		SetupLoadedEditorAssemblies (151ms)
			LogAssemblyErrors (0ms)
			InitializePlatformSupportModulesInManaged (6ms)
			SetLoadedEditorAssemblies (4ms)
			RefreshPlugins (0ms)
			BeforeProcessingInitializeOnLoad (1ms)
			ProcessInitializeOnLoadAttributes (105ms)
			ProcessInitializeOnLoadMethodAttributes (35ms)
			AfterProcessingInitializeOnLoad (0ms)
			EditorAssembliesLoaded (0ms)
		ExecutionOrderSort2 (0ms)
		AwakeInstancesAfterBackupRestoration (0ms)
========================================================================
Worker process is ready to serve import requests
Caller must complete domain reload
Begin MonoManager ReloadAssembly
- Loaded All Assemblies, in  0.443 seconds
Native extension for WindowsStandalone target not found
Native extension for WebGL target not found
Package Manager log level set to [2]
[Package Manager] Server::EnsureServerProcessIsRunning -- launch failed, reason: Unity was launched with the -noUpm command-line argument
[Package Manager] UpmClient::Send -- Unable to send message (not connected to UPM process).
[Package Manager] Cannot connect to Unity Package Manager local server
Mono: successfully reloaded assembly
- Finished resetting the current domain, in  0.386 seconds
Domain Reload Profiling: 829ms
	BeginReloadAssembly (115ms)
		ExecutionOrderSort (0ms)
		DisableScriptedObjects (4ms)
		BackupInstance (0ms)
		ReleaseScriptingObjects (0ms)
		CreateAndSetChildDomain (14ms)
	RebuildCommonClasses (24ms)
	RebuildNativeTypeToScriptingClass (8ms)
	initialDomainReloadingComplete (26ms)
	LoadAllAssembliesAndSetupDomain (270ms)
		LoadAssemblies (204ms)
		RebuildTransferFunctionScriptingTraits (0ms)
		AnalyzeDomain (138ms)
			TypeCache.Refresh (120ms)
				TypeCache.ScanAssembly (108ms)
			ScanForSourceGeneratedMonoScriptInfo (13ms)
			ResolveRequiredComponents (3ms)
	FinalizeReload (386ms)
		ReleaseScriptCaches (0ms)
		RebuildScriptCaches (0ms)
		SetupLoadedEditorAssemblies (294ms)
			LogAssemblyErrors (0ms)
			InitializePlatformSupportModulesInManaged (4ms)
			SetLoadedEditorAssemblies (3ms)
			RefreshPlugins (0ms)
			BeforeProcessingInitializeOnLoad (40ms)
			ProcessInitializeOnLoadAttributes (228ms)
			ProcessInitializeOnLoadMethodAttributes (17ms)
			AfterProcessingInitializeOnLoad (1ms)
			EditorAssembliesLoaded (0ms)
		ExecutionOrderSort2 (0ms)
		AwakeInstancesAfterBackupRestoration (5ms)
Launched and connected shader compiler UnityShaderCompiler.exe after 0.03 seconds
Refreshing native plugins compatible for Editor in 1.84 ms, found 3 plugins.
Preloading 0 native plugins for Editor in 0.00 ms.
Unloading 3089 Unused Serialized files (Serialized files now loaded: 0)
Unloading 19 unused Assets / (54.9 KB). Loaded Objects now: 3555.
Memory consumption went from 118.0 MB to 118.0 MB.
Total: 2.097800 ms (FindLiveObjects: 0.160800 ms CreateObjectMapping: 0.067600 ms MarkObjects: 1.801300 ms  DeleteObjects: 0.067300 ms)

AssetImportParameters requested are different than current active one (requested -> active):
  custom:container-demuxer-ogg: 62fdf1f143b41e24485cea50d1cbac27 -> 
  custom:video-decoder-ogg-theora: a1e56fd34408186e4bbccfd4996cb3dc -> 
  custom:framework-win-MediaFoundation: 216162199b28c13a410421893ffa2e32 -> 
  custom:CustomObjectIndexerAttribute: 9a22284fe3817be447336de3de66b15e -> 
  custom:container-demuxer-webm: 4f35f7cbe854078d1ac9338744f61a02 -> 
  custom:container-muxer-webm: aa71ff27fc2769a1b78a27578f13a17b -> 
  custom:video-decoder-webm-vp8: 9c59270c3fd7afecdb556c50c9e8de78 -> 
  custom:SearchIndexIgnoredProperties: e643bd26f0fe6173181afceb89e7c659 -> 
  custom:AudioImporter_EditorPlatform: d09bf68614088b80899f8185d706f6e7 -> 
  custom:video-encoder-webm-vp8: eb34c28f22e8b96e1ab97ce403110664 -> 
  custom:audio-decoder-ogg-vorbis: bf7c407c2cedff20999df2af8eb42d56 -> 
  custom:audio-encoder-webm-vorbis: bf7c407c2cedff20999df2af8eb42d56 -> 
========================================================================
Received Import Request.
  Time since last request: 11578.738419 seconds.
  path: Assets/Versatile Studio Assets/Demo City By Versatile Studio/Prefabs/basement_mid.prefab
  artifactKey: Guid(d473e8d2b5b216a40b0bb7617f354548) Importer(815301076,1909f56bfc062723c751e8b465ee728b)
Start importing Assets/Versatile Studio Assets/Demo City By Versatile Studio/Prefabs/basement_mid.prefab using Guid(d473e8d2b5b216a40b0bb7617f354548) Importer(815301076,1909f56bfc062723c751e8b465ee728b) [PhysX] Initialized MultithreadedTaskDispatcher with 12 workers.
[PhysX] Initialized MultithreadedTaskDispatcher with 12 workers.
 -> (artifact id: '644262f481089b683a8b722e3c437f49') in 0.505438 seconds
Number of updated asset objects reloaded before import = 0
Number of asset objects unloaded after import = 14
========================================================================
Received Import Request.
  Time since last request: 0.000025 seconds.
  path: Assets/Versatile Studio Assets/Demo City By Versatile Studio/Prefabs/factory_chimney-stalk.prefab
  artifactKey: Guid(ff40f4bb80a592a449bd5dc020a38fc0) Importer(815301076,1909f56bfc062723c751e8b465ee728b)
Start importing Assets/Versatile Studio Assets/Demo City By Versatile Studio/Prefabs/factory_chimney-stalk.prefab using Guid(ff40f4bb80a592a449bd5dc020a38fc0) Importer(815301076,1909f56bfc062723c751e8b465ee728b) [PhysX] Initialized MultithreadedTaskDispatcher with 12 workers.
[PhysX] Initialized MultithreadedTaskDispatcher with 12 workers.
 -> (artifact id: '65e3a4327f92c388259d31a15494d425') in 0.008243 seconds
Number of updated asset objects reloaded before import = 0
Number of asset objects unloaded after import = 10
========================================================================
Received Import Request.
  Time since last request: 0.000027 seconds.
  path: Assets/Versatile Studio Assets/Demo City By Versatile Studio/Prefabs/demo_city_by_versatile_studio.prefab
  artifactKey: Guid(b64e7a25ece19a147b10b35a23680ac3) Importer(815301076,1909f56bfc062723c751e8b465ee728b)
Start importing Assets/Versatile Studio Assets/Demo City By Versatile Studio/Prefabs/demo_city_by_versatile_studio.prefab using Guid(b64e7a25ece19a147b10b35a23680ac3) Importer(815301076,1909f56bfc062723c751e8b465ee728b) [PhysX] Initialized MultithreadedTaskDispatcher with 12 workers.
[PhysX] Initialized MultithreadedTaskDispatcher with 12 workers.
 -> (artifact id: '12c76fe312825e413a72ed95e8afe819') in 0.274757 seconds
Number of updated asset objects reloaded before import = 0
Number of asset objects unloaded after import = 660
========================================================================
Received Import Request.
  Time since last request: 0.000027 seconds.
  path: Assets/Versatile Studio Assets/Demo City By Versatile Studio/Prefabs/lamp_pole_single_blue.prefab
  artifactKey: Guid(2428e7e466b559e43a0e4202eae899ff) Importer(815301076,1909f56bfc062723c751e8b465ee728b)
Start importing Assets/Versatile Studio Assets/Demo City By Versatile Studio/Prefabs/lamp_pole_single_blue.prefab using Guid(2428e7e466b559e43a0e4202eae899ff) Importer(815301076,1909f56bfc062723c751e8b465ee728b) [PhysX] Initialized MultithreadedTaskDispatcher with 12 workers.
[PhysX] Initialized MultithreadedTaskDispatcher with 12 workers.
 -> (artifact id: '28e00343568b795d443850a96f370545') in 0.007321 seconds
Number of updated asset objects reloaded before import = 0
Number of asset objects unloaded after import = 17
========================================================================
Received Import Request.
  Time since last request: 0.000023 seconds.
  path: Assets/Versatile Studio Assets/Demo City By Versatile Studio/Prefabs/office_building_1_bgr.prefab
  artifactKey: Guid(140035e2fe065134aba228ec10fd96ac) Importer(815301076,1909f56bfc062723c751e8b465ee728b)
Start importing Assets/Versatile Studio Assets/Demo City By Versatile Studio/Prefabs/office_building_1_bgr.prefab using Guid(140035e2fe065134aba228ec10fd96ac) Importer(815301076,1909f56bfc062723c751e8b465ee728b) [PhysX] Initialized MultithreadedTaskDispatcher with 12 workers.
[PhysX] Initialized MultithreadedTaskDispatcher with 12 workers.
 -> (artifact id: '33c1c801c405ce24390d9c4bed90f541') in 0.086097 seconds
Number of updated asset objects reloaded before import = 0
Number of asset objects unloaded after import = 14
========================================================================
Received Import Request.
  Time since last request: 0.000019 seconds.
  path: Assets/Versatile Studio Assets/Demo City By Versatile Studio/Prefabs/lamp_pole_dual_blue.prefab
  artifactKey: Guid(ae0223c9215d7af4286fc43d3158b060) Importer(815301076,1909f56bfc062723c751e8b465ee728b)
Start importing Assets/Versatile Studio Assets/Demo City By Versatile Studio/Prefabs/lamp_pole_dual_blue.prefab using Guid(ae0223c9215d7af4286fc43d3158b060) Importer(815301076,1909f56bfc062723c751e8b465ee728b) [PhysX] Initialized MultithreadedTaskDispatcher with 12 workers.
[PhysX] Initialized MultithreadedTaskDispatcher with 12 workers.
 -> (artifact id: 'cdaca5be174a12f53b5ae6789174f9b8') in 0.007908 seconds
Number of updated asset objects reloaded before import = 0
Number of asset objects unloaded after import = 23
========================================================================
Received Import Request.
  Time since last request: 0.000018 seconds.
  path: Assets/Versatile Studio Assets/Demo City By Versatile Studio/Prefabs/highway_support.prefab
  artifactKey: Guid(eac0a25b344cf9e489f0cb5413fb3a89) Importer(815301076,1909f56bfc062723c751e8b465ee728b)
Start importing Assets/Versatile Studio Assets/Demo City By Versatile Studio/Prefabs/highway_support.prefab using Guid(eac0a25b344cf9e489f0cb5413fb3a89) Importer(815301076,1909f56bfc062723c751e8b465ee728b) [PhysX] Initialized MultithreadedTaskDispatcher with 12 workers.
[PhysX] Initialized MultithreadedTaskDispatcher with 12 workers.
 -> (artifact id: '2291578dd45fa5c758fc6c8679909fa1') in 0.008404 seconds
Number of updated asset objects reloaded before import = 0
Number of asset objects unloaded after import = 39
========================================================================
Received Import Request.
  Time since last request: 0.000016 seconds.
  path: Assets/Versatile Studio Assets/Demo City By Versatile Studio/Prefabs/factory_building_big.prefab
  artifactKey: Guid(9bb7d850f09915e418ad6c2416757b9d) Importer(815301076,1909f56bfc062723c751e8b465ee728b)
Start importing Assets/Versatile Studio Assets/Demo City By Versatile Studio/Prefabs/factory_building_big.prefab using Guid(9bb7d850f09915e418ad6c2416757b9d) Importer(815301076,1909f56bfc062723c751e8b465ee728b) [PhysX] Initialized MultithreadedTaskDispatcher with 12 workers.
[PhysX] Initialized MultithreadedTaskDispatcher with 12 workers.
 -> (artifact id: 'b2031c21dede7c7d995ad35cc97e85a8') in 0.450450 seconds
Number of updated asset objects reloaded before import = 0
Number of asset objects unloaded after import = 30
========================================================================
Received Import Request.
  Time since last request: 0.000033 seconds.
  path: Assets/Versatile Studio Assets/Demo City By Versatile Studio/Prefabs/office_building_2_with_base.prefab
  artifactKey: Guid(18def28a0ae3af04b92baf54be5868be) Importer(815301076,1909f56bfc062723c751e8b465ee728b)
Start importing Assets/Versatile Studio Assets/Demo City By Versatile Studio/Prefabs/office_building_2_with_base.prefab using Guid(18def28a0ae3af04b92baf54be5868be) Importer(815301076,1909f56bfc062723c751e8b465ee728b) [PhysX] Initialized MultithreadedTaskDispatcher with 12 workers.
[PhysX] Initialized MultithreadedTaskDispatcher with 12 workers.
 -> (artifact id: '0a51b94d18604c8f3a1d2179e285c052') in 0.045125 seconds
Number of updated asset objects reloaded before import = 0
Number of asset objects unloaded after import = 153
========================================================================
Received Import Request.
  Time since last request: 0.000023 seconds.
  path: Assets/Versatile Studio Assets/Demo City By Versatile Studio/Prefabs/lamp_pole_dual_orange.prefab
  artifactKey: Guid(3c1eaf8bcf1439a43b6ebc70231210db) Importer(815301076,1909f56bfc062723c751e8b465ee728b)
Start importing Assets/Versatile Studio Assets/Demo City By Versatile Studio/Prefabs/lamp_pole_dual_orange.prefab using Guid(3c1eaf8bcf1439a43b6ebc70231210db) Importer(815301076,1909f56bfc062723c751e8b465ee728b) [PhysX] Initialized MultithreadedTaskDispatcher with 12 workers.
[PhysX] Initialized MultithreadedTaskDispatcher with 12 workers.
 -> (artifact id: '3fd81ee388df8ab34462a0b320eb7870') in 0.008509 seconds
Number of updated asset objects reloaded before import = 0
Number of asset objects unloaded after import = 23
========================================================================
Received Import Request.
  Time since last request: 0.000023 seconds.
  path: Assets/Versatile Studio Assets/Demo City By Versatile Studio/Prefabs/mid_house_4_2.prefab
  artifactKey: Guid(3329082d61256954d934428d2d1c7b71) Importer(815301076,1909f56bfc062723c751e8b465ee728b)
Start importing Assets/Versatile Studio Assets/Demo City By Versatile Studio/Prefabs/mid_house_4_2.prefab using Guid(3329082d61256954d934428d2d1c7b71) Importer(815301076,1909f56bfc062723c751e8b465ee728b) [PhysX] Initialized MultithreadedTaskDispatcher with 12 workers.
[PhysX] Initialized MultithreadedTaskDispatcher with 12 workers.
 -> (artifact id: 'fa894d70bc1a4a07cd3b605f7eb0869a') in 0.025889 seconds
Number of updated asset objects reloaded before import = 0
Number of asset objects unloaded after import = 26
========================================================================
Received Import Request.
  Time since last request: 0.000015 seconds.
  path: Assets/Versatile Studio Assets/Demo City By Versatile Studio/Prefabs/building_lamp_white.prefab
  artifactKey: Guid(7d91f14371d9d0340bb71a07cdd260de) Importer(815301076,1909f56bfc062723c751e8b465ee728b)
Start importing Assets/Versatile Studio Assets/Demo City By Versatile Studio/Prefabs/building_lamp_white.prefab using Guid(7d91f14371d9d0340bb71a07cdd260de) Importer(815301076,1909f56bfc062723c751e8b465ee728b) [PhysX] Initialized MultithreadedTaskDispatcher with 12 workers.
[PhysX] Initialized MultithreadedTaskDispatcher with 12 workers.
 -> (artifact id: '1b8599f11767bfc16209dd1738a52f91') in 0.007963 seconds
Number of updated asset objects reloaded before import = 0
Number of asset objects unloaded after import = 14
========================================================================
Received Import Request.
  Time since last request: 0.000048 seconds.
  path: Assets/Versatile Studio Assets/Demo City By Versatile Studio/Prefabs/hedge_with_base.prefab
  artifactKey: Guid(f0fa6751ecba8a44b87f542ef29ff46f) Importer(815301076,1909f56bfc062723c751e8b465ee728b)
Start importing Assets/Versatile Studio Assets/Demo City By Versatile Studio/Prefabs/hedge_with_base.prefab using Guid(f0fa6751ecba8a44b87f542ef29ff46f) Importer(815301076,1909f56bfc062723c751e8b465ee728b) [PhysX] Initialized MultithreadedTaskDispatcher with 12 workers.
[PhysX] Initialized MultithreadedTaskDispatcher with 12 workers.
 -> (artifact id: '64dff39f7326b81b82efdff009bbc93e') in 0.009680 seconds
Number of updated asset objects reloaded before import = 0
Number of asset objects unloaded after import = 13
========================================================================
Received Import Request.
  Time since last request: 0.000017 seconds.
  path: Assets/Versatile Studio Assets/Demo City By Versatile Studio/Prefabs/mid_house_5.prefab
  artifactKey: Guid(972492e6e936f8a4b8fd9e008339db74) Importer(815301076,1909f56bfc062723c751e8b465ee728b)
Start importing Assets/Versatile Studio Assets/Demo City By Versatile Studio/Prefabs/mid_house_5.prefab using Guid(972492e6e936f8a4b8fd9e008339db74) Importer(815301076,1909f56bfc062723c751e8b465ee728b) [PhysX] Initialized MultithreadedTaskDispatcher with 12 workers.
[PhysX] Initialized MultithreadedTaskDispatcher with 12 workers.
 -> (artifact id: 'bcf404f7e75d591d3f0aac28ce0389d8') in 0.022740 seconds
Number of updated asset objects reloaded before import = 0
Number of asset objects unloaded after import = 26
========================================================================
Received Import Request.
  Time since last request: 0.000027 seconds.
  path: Assets/Versatile Studio Assets/Demo City By Versatile Studio/Prefabs/office_building_2.prefab
  artifactKey: Guid(bb2fbe10985b8584aae4b5849c7a5ee1) Importer(815301076,1909f56bfc062723c751e8b465ee728b)
Start importing Assets/Versatile Studio Assets/Demo City By Versatile Studio/Prefabs/office_building_2.prefab using Guid(bb2fbe10985b8584aae4b5849c7a5ee1) Importer(815301076,1909f56bfc062723c751e8b465ee728b) [PhysX] Initialized MultithreadedTaskDispatcher with 12 workers.
[PhysX] Initialized MultithreadedTaskDispatcher with 12 workers.
 -> (artifact id: '518734dc3bfeff129f71e82d3bd4aaee') in 0.027007 seconds
Number of updated asset objects reloaded before import = 0
Number of asset objects unloaded after import = 75
========================================================================
Received Import Request.
  Time since last request: 0.000016 seconds.
  path: Assets/Versatile Studio Assets/Demo City By Versatile Studio/Prefabs/bench.prefab
  artifactKey: Guid(e3cdcd01b3ecc3b4da788a3ff03a9e28) Importer(815301076,1909f56bfc062723c751e8b465ee728b)
Start importing Assets/Versatile Studio Assets/Demo City By Versatile Studio/Prefabs/bench.prefab using Guid(e3cdcd01b3ecc3b4da788a3ff03a9e28) Importer(815301076,1909f56bfc062723c751e8b465ee728b) [PhysX] Initialized MultithreadedTaskDispatcher with 12 workers.
[PhysX] Initialized MultithreadedTaskDispatcher with 12 workers.
 -> (artifact id: '3d04ad6e13a2c37d42bf115995ccbb0f') in 0.007440 seconds
Number of updated asset objects reloaded before import = 0
Number of asset objects unloaded after import = 10
========================================================================
Received Import Request.
  Time since last request: 0.000023 seconds.
  path: Assets/Versatile Studio Assets/Demo City By Versatile Studio/Prefabs/lamp_pole_dual_pink.prefab
  artifactKey: Guid(0fe1af71a32bb6a44b4e93b941d82aa5) Importer(815301076,1909f56bfc062723c751e8b465ee728b)
Start importing Assets/Versatile Studio Assets/Demo City By Versatile Studio/Prefabs/lamp_pole_dual_pink.prefab using Guid(0fe1af71a32bb6a44b4e93b941d82aa5) Importer(815301076,1909f56bfc062723c751e8b465ee728b) [PhysX] Initialized MultithreadedTaskDispatcher with 12 workers.
[PhysX] Initialized MultithreadedTaskDispatcher with 12 workers.
 -> (artifact id: '37c8297d40df5e6f08f3fd77df6d8bc7') in 0.008641 seconds
Number of updated asset objects reloaded before import = 0
Number of asset objects unloaded after import = 23
========================================================================
Received Import Request.
  Time since last request: 0.000018 seconds.
  path: Assets/Versatile Studio Assets/Demo City By Versatile Studio/Prefabs/concrete_block.prefab
  artifactKey: Guid(7b26d246ced93914e80d1cdf3d152a53) Importer(815301076,1909f56bfc062723c751e8b465ee728b)
Start importing Assets/Versatile Studio Assets/Demo City By Versatile Studio/Prefabs/concrete_block.prefab using Guid(7b26d246ced93914e80d1cdf3d152a53) Importer(815301076,1909f56bfc062723c751e8b465ee728b) [PhysX] Initialized MultithreadedTaskDispatcher with 12 workers.
[PhysX] Initialized MultithreadedTaskDispatcher with 12 workers.
 -> (artifact id: '5e1e8bd1fa76477f3549f52eaab4c766') in 0.005715 seconds
Number of updated asset objects reloaded before import = 0
Number of asset objects unloaded after import = 10
========================================================================
Received Import Request.
  Time since last request: 0.490513 seconds.
  path: Assets/Versatile Studio Assets/Demo City By Versatile Studio/Prefabs/office_building_3_with_base.prefab
  artifactKey: Guid(c4c7ae4b3af25b94f9a373659557c13d) Importer(815301076,1909f56bfc062723c751e8b465ee728b)
Start importing Assets/Versatile Studio Assets/Demo City By Versatile Studio/Prefabs/office_building_3_with_base.prefab using Guid(c4c7ae4b3af25b94f9a373659557c13d) Importer(815301076,1909f56bfc062723c751e8b465ee728b) [PhysX] Initialized MultithreadedTaskDispatcher with 12 workers.
[PhysX] Initialized MultithreadedTaskDispatcher with 12 workers.
 -> (artifact id: '422657ef15e5b5b0d8d54d318583debf') in 0.042765 seconds
Number of updated asset objects reloaded before import = 0
Number of asset objects unloaded after import = 140
========================================================================
Received Import Request.
  Time since last request: 0.000021 seconds.
  path: Assets/Versatile Studio Assets/Demo City By Versatile Studio/Prefabs/small_house_3.prefab
  artifactKey: Guid(0392a9d92e15bdd4aa8c40dc637ec21f) Importer(815301076,1909f56bfc062723c751e8b465ee728b)
Start importing Assets/Versatile Studio Assets/Demo City By Versatile Studio/Prefabs/small_house_3.prefab using Guid(0392a9d92e15bdd4aa8c40dc637ec21f) Importer(815301076,1909f56bfc062723c751e8b465ee728b) [PhysX] Initialized MultithreadedTaskDispatcher with 12 workers.
[PhysX] Initialized MultithreadedTaskDispatcher with 12 workers.
 -> (artifact id: 'a4fb1d336f93725ce201bbce19649ff0') in 0.025342 seconds
Number of updated asset objects reloaded before import = 0
Number of asset objects unloaded after import = 26
========================================================================
Received Import Request.
  Time since last request: 0.000020 seconds.
  path: Assets/Versatile Studio Assets/Demo City By Versatile Studio/Prefabs/office_building_4.prefab
  artifactKey: Guid(4424c1ff10383e448be8e709503944c8) Importer(815301076,1909f56bfc062723c751e8b465ee728b)
Start importing Assets/Versatile Studio Assets/Demo City By Versatile Studio/Prefabs/office_building_4.prefab using Guid(4424c1ff10383e448be8e709503944c8) Importer(815301076,1909f56bfc062723c751e8b465ee728b) [PhysX] Initialized MultithreadedTaskDispatcher with 12 workers.
[PhysX] Initialized MultithreadedTaskDispatcher with 12 workers.
 -> (artifact id: '240bb736c2be931308ac2458d33cbef1') in 0.025376 seconds
Number of updated asset objects reloaded before import = 0
Number of asset objects unloaded after import = 94
========================================================================
Received Import Request.
  Time since last request: 0.000019 seconds.
  path: Assets/Versatile Studio Assets/Demo City By Versatile Studio/Prefabs/tree_2.prefab
  artifactKey: Guid(df942187e8f6dcd44a932a9ed41112e3) Importer(815301076,1909f56bfc062723c751e8b465ee728b)
Start importing Assets/Versatile Studio Assets/Demo City By Versatile Studio/Prefabs/tree_2.prefab using Guid(df942187e8f6dcd44a932a9ed41112e3) Importer(815301076,1909f56bfc062723c751e8b465ee728b) [PhysX] Initialized MultithreadedTaskDispatcher with 12 workers.
[PhysX] Initialized MultithreadedTaskDispatcher with 12 workers.
 -> (artifact id: '2c064e64996bf1ae089d0ae7a5dbe3ec') in 0.009085 seconds
Number of updated asset objects reloaded before import = 0
Number of asset objects unloaded after import = 13
========================================================================
Received Import Request.
  Time since last request: 0.000021 seconds.
  path: Assets/Versatile Studio Assets/Demo City By Versatile Studio/Prefabs/small_house_2.prefab
  artifactKey: Guid(a36c16a0315feb440a09acc1948222f8) Importer(815301076,1909f56bfc062723c751e8b465ee728b)
Start importing Assets/Versatile Studio Assets/Demo City By Versatile Studio/Prefabs/small_house_2.prefab using Guid(a36c16a0315feb440a09acc1948222f8) Importer(815301076,1909f56bfc062723c751e8b465ee728b) [PhysX] Initialized MultithreadedTaskDispatcher with 12 workers.
[PhysX] Initialized MultithreadedTaskDispatcher with 12 workers.
 -> (artifact id: '0397ec8013d13f8e17549082bf2aa887') in 0.019182 seconds
Number of updated asset objects reloaded before import = 0
Number of asset objects unloaded after import = 26
========================================================================
Received Import Request.
  Time since last request: 811.388142 seconds.
  path: Assets/SimplePoly City - Low Poly Assets/Prefab/Roads/Road Concrete Tile Small.prefab
  artifactKey: Guid(64be6214af4540d40882279ed35878bd) Importer(815301076,1909f56bfc062723c751e8b465ee728b)
Start importing Assets/SimplePoly City - Low Poly Assets/Prefab/Roads/Road Concrete Tile Small.prefab using Guid(64be6214af4540d40882279ed35878bd) Importer(815301076,1909f56bfc062723c751e8b465ee728b) [PhysX] Initialized MultithreadedTaskDispatcher with 12 workers.
[PhysX] Initialized MultithreadedTaskDispatcher with 12 workers.
 -> (artifact id: '0acf68c6b723d9ff392a65e34d5a6230') in 0.122006 seconds
Number of updated asset objects reloaded before import = 0
Number of asset objects unloaded after import = 9
========================================================================
Received Import Request.
  Time since last request: 0.000023 seconds.
  path: Assets/SimplePoly City - Low Poly Assets/Prefab/Roads/Road Lane Half.prefab
  artifactKey: Guid(87cc36a45a321ad478c47c9fec13dbd3) Importer(815301076,1909f56bfc062723c751e8b465ee728b)
Start importing Assets/SimplePoly City - Low Poly Assets/Prefab/Roads/Road Lane Half.prefab using Guid(87cc36a45a321ad478c47c9fec13dbd3) Importer(815301076,1909f56bfc062723c751e8b465ee728b) [PhysX] Initialized MultithreadedTaskDispatcher with 12 workers.
[PhysX] Initialized MultithreadedTaskDispatcher with 12 workers.
 -> (artifact id: '0257425528fe37fc30d8a37768e5457c') in 0.022633 seconds
Number of updated asset objects reloaded before import = 0
Number of asset objects unloaded after import = 9
========================================================================
Received Import Request.
  Time since last request: 0.000021 seconds.
  path: Assets/SimplePoly City - Low Poly Assets/Prefab/Roads/Road Lane Bus Stop.prefab
  artifactKey: Guid(3da5840b5d838524cb0128fbccf00053) Importer(815301076,1909f56bfc062723c751e8b465ee728b)
Start importing Assets/SimplePoly City - Low Poly Assets/Prefab/Roads/Road Lane Bus Stop.prefab using Guid(3da5840b5d838524cb0128fbccf00053) Importer(815301076,1909f56bfc062723c751e8b465ee728b) [PhysX] Initialized MultithreadedTaskDispatcher with 12 workers.
[PhysX] Initialized MultithreadedTaskDispatcher with 12 workers.
 -> (artifact id: '07f87731b62036160690fbbf32b676ee') in 0.005864 seconds
Number of updated asset objects reloaded before import = 0
Number of asset objects unloaded after import = 9
========================================================================
Received Import Request.
  Time since last request: 0.000017 seconds.
  path: Assets/SimplePoly City - Low Poly Assets/Prefab/Roads/Road T_Intersection_01.prefab
  artifactKey: Guid(cbc86bb57f673ba45a8426789eb0fac0) Importer(815301076,1909f56bfc062723c751e8b465ee728b)
Start importing Assets/SimplePoly City - Low Poly Assets/Prefab/Roads/Road T_Intersection_01.prefab using Guid(cbc86bb57f673ba45a8426789eb0fac0) Importer(815301076,1909f56bfc062723c751e8b465ee728b) [PhysX] Initialized MultithreadedTaskDispatcher with 12 workers.
[PhysX] Initialized MultithreadedTaskDispatcher with 12 workers.
 -> (artifact id: 'f1af332cd487d11d54786723058dbf02') in 0.005378 seconds
Number of updated asset objects reloaded before import = 0
Number of asset objects unloaded after import = 9
========================================================================
Received Import Request.
  Time since last request: 0.000036 seconds.
  path: Assets/SimplePoly City - Low Poly Assets/Prefab/Roads/Road Corner_01.prefab
  artifactKey: Guid(3a7e1c0a00828fd4196c8cd24886d2ed) Importer(815301076,1909f56bfc062723c751e8b465ee728b)
Start importing Assets/SimplePoly City - Low Poly Assets/Prefab/Roads/Road Corner_01.prefab using Guid(3a7e1c0a00828fd4196c8cd24886d2ed) Importer(815301076,1909f56bfc062723c751e8b465ee728b) [PhysX] Initialized MultithreadedTaskDispatcher with 12 workers.
[PhysX] Initialized MultithreadedTaskDispatcher with 12 workers.
 -> (artifact id: 'a25b56a1922e72c424bbf1c198373dab') in 0.006691 seconds
Number of updated asset objects reloaded before import = 0
Number of asset objects unloaded after import = 9
========================================================================
Received Import Request.
  Time since last request: 0.000017 seconds.
  path: Assets/SimplePoly City - Low Poly Assets/Prefab/Roads/Road Intersection_01.prefab
  artifactKey: Guid(47ef019eb3bddab469e56e5a31eebf68) Importer(815301076,1909f56bfc062723c751e8b465ee728b)
Start importing Assets/SimplePoly City - Low Poly Assets/Prefab/Roads/Road Intersection_01.prefab using Guid(47ef019eb3bddab469e56e5a31eebf68) Importer(815301076,1909f56bfc062723c751e8b465ee728b) [PhysX] Initialized MultithreadedTaskDispatcher with 12 workers.
[PhysX] Initialized MultithreadedTaskDispatcher with 12 workers.
 -> (artifact id: 'a3d40617f5485834102ff0db2e983022') in 0.006152 seconds
Number of updated asset objects reloaded before import = 0
Number of asset objects unloaded after import = 9
========================================================================
Received Import Request.
  Time since last request: 0.000019 seconds.
  path: Assets/SimplePoly City - Low Poly Assets/Prefab/Roads/Road Tile Small.prefab
  artifactKey: Guid(a1eb827aa0413ab4a8b3b08c0e1a8c56) Importer(815301076,1909f56bfc062723c751e8b465ee728b)
Start importing Assets/SimplePoly City - Low Poly Assets/Prefab/Roads/Road Tile Small.prefab using Guid(a1eb827aa0413ab4a8b3b08c0e1a8c56) Importer(815301076,1909f56bfc062723c751e8b465ee728b) [PhysX] Initialized MultithreadedTaskDispatcher with 12 workers.
[PhysX] Initialized MultithreadedTaskDispatcher with 12 workers.
 -> (artifact id: 'b849211eb1f51399ce2de5d6ceb180a7') in 0.005455 seconds
Number of updated asset objects reloaded before import = 0
Number of asset objects unloaded after import = 9
========================================================================
Received Import Request.
  Time since last request: 0.000013 seconds.
  path: Assets/SimplePoly City - Low Poly Assets/Prefab/Roads/Road Tile.prefab
  artifactKey: Guid(ffa95796af8d5884f9d08f66e6bb627e) Importer(815301076,1909f56bfc062723c751e8b465ee728b)
Start importing Assets/SimplePoly City - Low Poly Assets/Prefab/Roads/Road Tile.prefab using Guid(ffa95796af8d5884f9d08f66e6bb627e) Importer(815301076,1909f56bfc062723c751e8b465ee728b) [PhysX] Initialized MultithreadedTaskDispatcher with 12 workers.
[PhysX] Initialized MultithreadedTaskDispatcher with 12 workers.
 -> (artifact id: '0ef966aa16d624d4da2199d1d79e59d2') in 0.006060 seconds
Number of updated asset objects reloaded before import = 0
Number of asset objects unloaded after import = 9
Editor requested this worker to shutdown with reason: Scaling down because of idle timeout
TcpMessagingSession - receive error: operation aborted. errorcode: 995, details: A operação de E/S foi anulada devido a uma saída de thread ou a uma requisição de aplicativo.
AssetImportWorker is now disconnected from the server
Process exiting
Exiting without the bug reporter. Application will terminate with return code 0